# JRE version: Java(TM) SE Runtime Environment (8.0_91-b15) (build 1.8.0_91-b15)
# Java VM: Java HotSpot(TM) 64-Bit Server VM (25.91-b15 mixed mode windows-amd64 compressed oops)
Heap:
 PSYoungGen      total 162816K, used 32043K [0x00000000e0000000, 0x00000000ed800000, 0x0000000100000000)
  eden space 142848K, 22% used [0x00000000e0000000,0x00000000e1f4ad00,0x00000000e8b80000)
  from space 19968K, 0% used [0x00000000e8b80000,0x00000000e8b80000,0x00000000e9f00000)
  to   space 21504K, 1% used [0x00000000ec300000,0x00000000ec340860,0x00000000ed800000)
 ParOldGen       total 129024K, used 40121K [0x00000000a0000000, 0x00000000a7e00000, 0x00000000e0000000)
  object space 129024K, 31% used [0x00000000a0000000,0x00000000a272e6c8,0x00000000a7e00000)
 Metaspace       used 58348K, capacity 59698K, committed 59904K, reserved 1105920K
  class space    used 7828K, capacity 8117K, committed 8192K, reserved 1048576K
GC Heap History (10 events):
Event: 10.416 GC heap before
{Heap before GC invocations=12 (full 2):
 PSYoungGen      total 104960K, used 94720K [0x00000000e0000000, 0x00000000e8b80000, 0x0000000100000000)
  eden space 94720K, 100% used [0x00000000e0000000,0x00000000e5c80000,0x00000000e5c80000)
  from space 10240K, 0% used [0x00000000e5c80000,0x00000000e5c80000,0x00000000e6680000)
  to   space 10752K, 0% used [0x00000000e8100000,0x00000000e8100000,0x00000000e8b80000)
 ParOldGen       total 78336K, used 14950K [0x00000000a0000000, 0x00000000a4c80000, 0x00000000e0000000)
  object space 78336K, 19% used [0x00000000a0000000,0x00000000a0e99b70,0x00000000a4c80000)
 Metaspace       used 41406K, capacity 42166K, committed 42496K, reserved 1085440K
  class space    used 5656K, capacity 5859K, committed 5888K, reserved 1048576K
Event: 10.429 GC heap after
Heap after GC invocations=12 (full 2):
 PSYoungGen      total 129024K, used 8398K [0x00000000e0000000, 0x00000000e8a80000, 0x0000000100000000)
  eden space 119296K, 0% used [0x00000000e0000000,0x00000000e0000000,0x00000000e7480000)
  from space 9728K, 86% used [0x00000000e8100000,0x00000000e89339a0,0x00000000e8a80000)
  to   space 11264K, 0% used [0x00000000e7480000,0x00000000e7480000,0x00000000e7f80000)
 ParOldGen       total 78336K, used 15022K [0x00000000a0000000, 0x00000000a4c80000, 0x00000000e0000000)
  object space 78336K, 19% used [0x00000000a0000000,0x00000000a0eabb80,0x00000000a4c80000)
 Metaspace       used 41406K, capacity 42166K, committed 42496K, reserved 1085440K
  class space    used 5656K, capacity 5859K, committed 5888K, reserved 1048576K
}
Event: 13.675 GC heap before
{Heap before GC invocations=13 (full 2):
 PSYoungGen      total 129024K, used 127694K [0x00000000e0000000, 0x00000000e8a80000, 0x0000000100000000)
  eden space 119296K, 100% used [0x00000000e0000000,0x00000000e7480000,0x00000000e7480000)
  from space 9728K, 86% used [0x00000000e8100000,0x00000000e89339a0,0x00000000e8a80000)
  to   space 11264K, 0% used [0x00000000e7480000,0x00000000e7480000,0x00000000e7f80000)
 ParOldGen       total 78336K, used 15022K [0x00000000a0000000, 0x00000000a4c80000, 0x00000000e0000000)
  object space 78336K, 19% used [0x00000000a0000000,0x00000000a0eabb80,0x00000000a4c80000)
 Metaspace       used 48767K, capacity 50018K, committed 50304K, reserved 1093632K
  class space    used 6689K, capacity 6979K, committed 7040K, reserved 1048576K
Event: 13.697 GC heap after
Heap after GC invocations=13 (full 2):
 PSYoungGen      total 130560K, used 11235K [0x00000000e0000000, 0x00000000ead80000, 0x0000000100000000)
  eden space 119296K, 0% used [0x00000000e0000000,0x00000000e0000000,0x00000000e7480000)
  from space 11264K, 99% used [0x00000000e7480000,0x00000000e7f78c80,0x00000000e7f80000)
  to   space 14848K, 0% used [0x00000000e9f00000,0x00000000e9f00000,0x00000000ead80000)
 ParOldGen       total 78336K, used 21704K [0x00000000a0000000, 0x00000000a4c80000, 0x00000000e0000000)
  object space 78336K, 27% used [0x00000000a0000000,0x00000000a15323f8,0x00000000a4c80000)
 Metaspace       used 48767K, capacity 50018K, committed 50304K, reserved 1093632K
  class space    used 6689K, capacity 6979K, committed 7040K, reserved 1048576K
}
Event: 19.650 GC heap before
{Heap before GC invocations=14 (full 2):
 PSYoungGen      total 130560K, used 130531K [0x00000000e0000000, 0x00000000ead80000, 0x0000000100000000)
  eden space 119296K, 100% used [0x00000000e0000000,0x00000000e7480000,0x00000000e7480000)
  from space 11264K, 99% used [0x00000000e7480000,0x00000000e7f78c80,0x00000000e7f80000)
  to   space 14848K, 0% used [0x00000000e9f00000,0x00000000e9f00000,0x00000000ead80000)
 ParOldGen       total 78336K, used 21704K [0x00000000a0000000, 0x00000000a4c80000, 0x00000000e0000000)
  object space 78336K, 27% used [0x00000000a0000000,0x00000000a15323f8,0x00000000a4c80000)
 Metaspace       used 56855K, capacity 58240K, committed 58496K, reserved 1099776K
  class space    used 7639K, capacity 7966K, committed 8064K, reserved 1048576K
Event: 19.681 GC heap after
Heap after GC invocations=14 (full 2):
 PSYoungGen      total 157696K, used 14816K [0x00000000e0000000, 0x00000000eb480000, 0x0000000100000000)
  eden space 142848K, 0% used [0x00000000e0000000,0x00000000e0000000,0x00000000e8b80000)
  from space 14848K, 99% used [0x00000000e9f00000,0x00000000ead78140,0x00000000ead80000)
  to   space 19968K, 0% used [0x00000000e8b80000,0x00000000e8b80000,0x00000000e9f00000)
 ParOldGen       total 78336K, used 31053K [0x00000000a0000000, 0x00000000a4c80000, 0x00000000e0000000)
  object space 78336K, 39% used [0x00000000a0000000,0x00000000a1e536f8,0x00000000a4c80000)
 Metaspace       used 56855K, capacity 58240K, committed 58496K, reserved 1099776K
  class space    used 7639K, capacity 7966K, committed 8064K, reserved 1048576K
}
Event: 20.523 GC heap before
{Heap before GC invocations=15 (full 2):
 PSYoungGen      total 157696K, used 94751K [0x00000000e0000000, 0x00000000eb480000, 0x0000000100000000)
  eden space 142848K, 55% used [0x00000000e0000000,0x00000000e4e0fbc8,0x00000000e8b80000)
  from space 14848K, 99% used [0x00000000e9f00000,0x00000000ead78140,0x00000000ead80000)
  to   space 19968K, 0% used [0x00000000e8b80000,0x00000000e8b80000,0x00000000e9f00000)
 ParOldGen       total 78336K, used 31053K [0x00000000a0000000, 0x00000000a4c80000, 0x00000000e0000000)
  object space 78336K, 39% used [0x00000000a0000000,0x00000000a1e536f8,0x00000000a4c80000)
 Metaspace       used 57653K, capacity 58978K, committed 59096K, reserved 1099776K
  class space    used 7731K, capacity 8035K, committed 8064K, reserved 1048576K
Event: 20.543 GC heap after
Heap after GC invocations=15 (full 2):
 PSYoungGen      total 162816K, used 15414K [0x00000000e0000000, 0x00000000ed800000, 0x0000000100000000)
  eden space 142848K, 0% used [0x00000000e0000000,0x00000000e0000000,0x00000000e8b80000)
  from space 19968K, 77% used [0x00000000e8b80000,0x00000000e9a8dab8,0x00000000e9f00000)
  to   space 21504K, 0% used [0x00000000ec300000,0x00000000ec300000,0x00000000ed800000)
 ParOldGen       total 78336K, used 31317K [0x00000000a0000000, 0x00000000a4c80000, 0x00000000e0000000)
  object space 78336K, 39% used [0x00000000a0000000,0x00000000a1e95710,0x00000000a4c80000)
 Metaspace       used 57653K, capacity 58978K, committed 59096K, reserved 1099776K
  class space    used 7731K, capacity 8035K, committed 8064K, reserved 1048576K
}
Event: 20.543 GC heap before
{Heap before GC invocations=16 (full 3):
 PSYoungGen      total 162816K, used 15414K [0x00000000e0000000, 0x00000000ed800000, 0x0000000100000000)
  eden space 142848K, 0% used [0x00000000e0000000,0x00000000e0000000,0x00000000e8b80000)
  from space 19968K, 77% used [0x00000000e8b80000,0x00000000e9a8dab8,0x00000000e9f00000)
  to   space 21504K, 0% used [0x00000000ec300000,0x00000000ec300000,0x00000000ed800000)
 ParOldGen       total 78336K, used 31317K [0x00000000a0000000, 0x00000000a4c80000, 0x00000000e0000000)
  object space 78336K, 39% used [0x00000000a0000000,0x00000000a1e95710,0x00000000a4c80000)
 Metaspace       used 57653K, capacity 58978K, committed 59096K, reserved 1099776K
  class space    used 7731K, capacity 8035K, committed 8064K, reserved 1048576K
Event: 20.843 GC heap after
Heap after GC invocations=16 (full 3):
 PSYoungGen      total 162816K, used 0K [0x00000000e0000000, 0x00000000ed800000, 0x0000000100000000)
  eden space 142848K, 0% used [0x00000000e0000000,0x00000000e0000000,0x00000000e8b80000)
  from space 19968K, 0% used [0x00000000e8b80000,0x00000000e8b80000,0x00000000e9f00000)
  to   space 21504K, 0% used [0x00000000ec300000,0x00000000ec300000,0x00000000ed800000)
 ParOldGen       total 129024K, used 40113K [0x00000000a0000000, 0x00000000a7e00000, 0x00000000e0000000)
  object space 129024K, 31% used [0x00000000a0000000,0x00000000a272c6c8,0x00000000a7e00000)
 Metaspace       used 57653K, capacity 58978K, committed 59096K, reserved 1099776K
  class space    used 7731K, capacity 8035K, committed 8064K, reserved 1048576K
}

