# JRE version: Java(TM) SE Runtime Environment (8.0_91-b15) (build 1.8.0_91-b15)
# Java VM: Java HotSpot(TM) 64-Bit Server VM (25.91-b15 mixed mode windows-amd64 compressed oops)
Heap:
 PSYoungGen      total 462848K, used 85975K [0x00000000e0000000, 0x00000000fda80000, 0x0000000100000000)
  eden space 440832K, 19% used [0x00000000e0000000,0x00000000e53f5e28,0x00000000fae80000)
  from space 22016K, 0% used [0x00000000fc500000,0x00000000fc500000,0x00000000fda80000)
  to   space 22528K, 0% used [0x00000000fae80000,0x00000000fae80000,0x00000000fc480000)
 ParOldGen       total 131072K, used 53698K [0x00000000a0000000, 0x00000000a8000000, 0x00000000e0000000)
  object space 131072K, 40% used [0x00000000a0000000,0x00000000a3470b28,0x00000000a8000000)
 Metaspace       used 72352K, capacity 76830K, committed 77056K, reserved 1116160K
  class space    used 9450K, capacity 10119K, committed 10240K, reserved 1048576K
GC Heap History (10 events):
Event: 6485.275 GC heap before
{Heap before GC invocations=45 (full 11):
 PSYoungGen      total 379392K, used 201255K [0x00000000e0000000, 0x00000000fb280000, 0x0000000100000000)
  eden space 356352K, 56% used [0x00000000e0000000,0x00000000ec489da8,0x00000000f5c00000)
  from space 23040K, 0% used [0x00000000f5c00000,0x00000000f5c00000,0x00000000f7280000)
  to   space 22528K, 0% used [0x00000000f9c80000,0x00000000f9c80000,0x00000000fb280000)
 ParOldGen       total 131072K, used 41165K [0x00000000a0000000, 0x00000000a8000000, 0x00000000e0000000)
  object space 131072K, 31% used [0x00000000a0000000,0x00000000a2833788,0x00000000a8000000)
 Metaspace       used 71638K, capacity 75362K, committed 75520K, reserved 1114112K
  class space    used 9319K, capacity 9905K, committed 9984K, reserved 1048576K
Event: 6485.293 GC heap after
Heap after GC invocations=45 (full 11):
 PSYoungGen      total 421888K, used 13929K [0x00000000e0000000, 0x00000000fb380000, 0x0000000100000000)
  eden space 399360K, 0% used [0x00000000e0000000,0x00000000e0000000,0x00000000f8600000)
  from space 22528K, 61% used [0x00000000f9c80000,0x00000000faa1a678,0x00000000fb280000)
  to   space 23040K, 0% used [0x00000000f8600000,0x00000000f8600000,0x00000000f9c80000)
 ParOldGen       total 131072K, used 41173K [0x00000000a0000000, 0x00000000a8000000, 0x00000000e0000000)
  object space 131072K, 31% used [0x00000000a0000000,0x00000000a2835788,0x00000000a8000000)
 Metaspace       used 71638K, capacity 75362K, committed 75520K, reserved 1114112K
  class space    used 9319K, capacity 9905K, committed 9984K, reserved 1048576K
}
Event: 6485.293 GC heap before
{Heap before GC invocations=46 (full 12):
 PSYoungGen      total 421888K, used 13929K [0x00000000e0000000, 0x00000000fb380000, 0x0000000100000000)
  eden space 399360K, 0% used [0x00000000e0000000,0x00000000e0000000,0x00000000f8600000)
  from space 22528K, 61% used [0x00000000f9c80000,0x00000000faa1a678,0x00000000fb280000)
  to   space 23040K, 0% used [0x00000000f8600000,0x00000000f8600000,0x00000000f9c80000)
 ParOldGen       total 131072K, used 41173K [0x00000000a0000000, 0x00000000a8000000, 0x00000000e0000000)
  object space 131072K, 31% used [0x00000000a0000000,0x00000000a2835788,0x00000000a8000000)
 Metaspace       used 71638K, capacity 75362K, committed 75520K, reserved 1114112K
  class space    used 9319K, capacity 9905K, committed 9984K, reserved 1048576K
Event: 6485.791 GC heap after
Heap after GC invocations=46 (full 12):
 PSYoungGen      total 421888K, used 0K [0x00000000e0000000, 0x00000000fb380000, 0x0000000100000000)
  eden space 399360K, 0% used [0x00000000e0000000,0x00000000e0000000,0x00000000f8600000)
  from space 22528K, 0% used [0x00000000f9c80000,0x00000000f9c80000,0x00000000fb280000)
  to   space 23040K, 0% used [0x00000000f8600000,0x00000000f8600000,0x00000000f9c80000)
 ParOldGen       total 131072K, used 49704K [0x00000000a0000000, 0x00000000a8000000, 0x00000000e0000000)
  object space 131072K, 37% used [0x00000000a0000000,0x00000000a308a140,0x00000000a8000000)
 Metaspace       used 71638K, capacity 75362K, committed 75520K, reserved 1114112K
  class space    used 9319K, capacity 9905K, committed 9984K, reserved 1048576K
}
Event: 6663.574 GC heap before
{Heap before GC invocations=47 (full 12):
 PSYoungGen      total 421888K, used 398485K [0x00000000e0000000, 0x00000000fb380000, 0x0000000100000000)
  eden space 399360K, 99% used [0x00000000e0000000,0x00000000f8525710,0x00000000f8600000)
  from space 22528K, 0% used [0x00000000f9c80000,0x00000000f9c80000,0x00000000fb280000)
  to   space 23040K, 0% used [0x00000000f8600000,0x00000000f8600000,0x00000000f9c80000)
 ParOldGen       total 131072K, used 49704K [0x00000000a0000000, 0x00000000a8000000, 0x00000000e0000000)
  object space 131072K, 37% used [0x00000000a0000000,0x00000000a308a140,0x00000000a8000000)
 Metaspace       used 72063K, capacity 76058K, committed 76416K, reserved 1116160K
  class space    used 9378K, capacity 9997K, committed 10112K, reserved 1048576K
Event: 6663.590 GC heap after
Heap after GC invocations=47 (full 12):
 PSYoungGen      total 422400K, used 14250K [0x00000000e0000000, 0x00000000fdb80000, 0x0000000100000000)
  eden space 399360K, 0% used [0x00000000e0000000,0x00000000e0000000,0x00000000f8600000)
  from space 23040K, 61% used [0x00000000f8600000,0x00000000f93ea930,0x00000000f9c80000)
  to   space 23040K, 0% used [0x00000000fc500000,0x00000000fc500000,0x00000000fdb80000)
 ParOldGen       total 131072K, used 49712K [0x00000000a0000000, 0x00000000a8000000, 0x00000000e0000000)
  object space 131072K, 37% used [0x00000000a0000000,0x00000000a308c140,0x00000000a8000000)
 Metaspace       used 72063K, capacity 76058K, committed 76416K, reserved 1116160K
  class space    used 9378K, capacity 9997K, committed 10112K, reserved 1048576K
}
Event: 6664.097 GC heap before
{Heap before GC invocations=48 (full 12):
 PSYoungGen      total 422400K, used 67874K [0x00000000e0000000, 0x00000000fdb80000, 0x0000000100000000)
  eden space 399360K, 13% used [0x00000000e0000000,0x00000000e345e150,0x00000000f8600000)
  from space 23040K, 61% used [0x00000000f8600000,0x00000000f93ea930,0x00000000f9c80000)
  to   space 23040K, 0% used [0x00000000fc500000,0x00000000fc500000,0x00000000fdb80000)
 ParOldGen       total 131072K, used 49712K [0x00000000a0000000, 0x00000000a8000000, 0x00000000e0000000)
  object space 131072K, 37% used [0x00000000a0000000,0x00000000a308c140,0x00000000a8000000)
 Metaspace       used 72070K, capacity 76058K, committed 76416K, reserved 1116160K
  class space    used 9378K, capacity 9997K, committed 10112K, reserved 1048576K
Event: 6664.102 GC heap after
Heap after GC invocations=48 (full 12):
 PSYoungGen      total 462848K, used 5644K [0x00000000e0000000, 0x00000000fda80000, 0x0000000100000000)
  eden space 440832K, 0% used [0x00000000e0000000,0x00000000e0000000,0x00000000fae80000)
  from space 22016K, 25% used [0x00000000fc500000,0x00000000fca83290,0x00000000fda80000)
  to   space 22528K, 0% used [0x00000000fae80000,0x00000000fae80000,0x00000000fc480000)
 ParOldGen       total 131072K, used 49712K [0x00000000a0000000, 0x00000000a8000000, 0x00000000e0000000)
  object space 131072K, 37% used [0x00000000a0000000,0x00000000a308c140,0x00000000a8000000)
 Metaspace       used 72070K, capacity 76058K, committed 76416K, reserved 1116160K
  class space    used 9378K, capacity 9997K, committed 10112K, reserved 1048576K
}
Event: 6664.102 GC heap before
{Heap before GC invocations=49 (full 13):
 PSYoungGen      total 462848K, used 5644K [0x00000000e0000000, 0x00000000fda80000, 0x0000000100000000)
  eden space 440832K, 0% used [0x00000000e0000000,0x00000000e0000000,0x00000000fae80000)
  from space 22016K, 25% used [0x00000000fc500000,0x00000000fca83290,0x00000000fda80000)
  to   space 22528K, 0% used [0x00000000fae80000,0x00000000fae80000,0x00000000fc480000)
 ParOldGen       total 131072K, used 49712K [0x00000000a0000000, 0x00000000a8000000, 0x00000000e0000000)
  object space 131072K, 37% used [0x00000000a0000000,0x00000000a308c140,0x00000000a8000000)
 Metaspace       used 72070K, capacity 76058K, committed 76416K, reserved 1116160K
  class space    used 9378K, capacity 9997K, committed 10112K, reserved 1048576K
Event: 6664.592 GC heap after
Heap after GC invocations=49 (full 13):
 PSYoungGen      total 462848K, used 0K [0x00000000e0000000, 0x00000000fda80000, 0x0000000100000000)
  eden space 440832K, 0% used [0x00000000e0000000,0x00000000e0000000,0x00000000fae80000)
  from space 22016K, 0% used [0x00000000fc500000,0x00000000fc500000,0x00000000fda80000)
  to   space 22528K, 0% used [0x00000000fae80000,0x00000000fae80000,0x00000000fc480000)
 ParOldGen       total 131072K, used 53698K [0x00000000a0000000, 0x00000000a8000000, 0x00000000e0000000)
  object space 131072K, 40% used [0x00000000a0000000,0x00000000a3470b28,0x00000000a8000000)
 Metaspace       used 72070K, capacity 76058K, committed 76416K, reserved 1116160K
  class space    used 9378K, capacity 9997K, committed 10112K, reserved 1048576K
}

