# JRE version: Java(TM) SE Runtime Environment (8.0_91-b15) (build 1.8.0_91-b15)
# Java VM: Java HotSpot(TM) 64-Bit Server VM (25.91-b15 mixed mode windows-amd64 compressed oops)
Heap:
 PSYoungGen      total 194560K, used 59966K [0x00000000e0000000, 0x00000000ece80000, 0x0000000100000000)
  eden space 177664K, 33% used [0x00000000e0000000,0x00000000e3a8fb00,0x00000000ead80000)
  from space 16896K, 0% used [0x00000000ebe00000,0x00000000ebe00000,0x00000000ece80000)
  to   space 16896K, 0% used [0x00000000ead80000,0x00000000ead80000,0x00000000ebe00000)
 ParOldGen       total 126464K, used 27210K [0x00000000a0000000, 0x00000000a7b80000, 0x00000000e0000000)
  object space 126464K, 21% used [0x00000000a0000000,0x00000000a1a92a60,0x00000000a7b80000)
 Metaspace       used 62959K, capacity 64472K, committed 65152K, reserved 1105920K
  class space    used 8165K, capacity 8453K, committed 8576K, reserved 1048576K
GC Heap History (10 events):
Event: 340.325 GC heap before
{Heap before GC invocations=22 (full 4):
 PSYoungGen      total 179712K, used 12145K [0x00000000e0000000, 0x00000000ed400000, 0x0000000100000000)
  eden space 162304K, 2% used [0x00000000e0000000,0x00000000e0339fd8,0x00000000e9e80000)
  from space 17408K, 50% used [0x00000000e9e80000,0x00000000ea722640,0x00000000eaf80000)
  to   space 16384K, 0% used [0x00000000ec400000,0x00000000ec400000,0x00000000ed400000)
 ParOldGen       total 126464K, used 38263K [0x00000000a0000000, 0x00000000a7b80000, 0x00000000e0000000)
  object space 126464K, 30% used [0x00000000a0000000,0x00000000a255df90,0x00000000a7b80000)
 Metaspace       used 61967K, capacity 63586K, committed 63872K, reserved 1103872K
  class space    used 8183K, capacity 8497K, committed 8576K, reserved 1048576K
Event: 340.328 GC heap after
Heap after GC invocations=22 (full 4):
 PSYoungGen      total 200192K, used 592K [0x00000000e0000000, 0x00000000ed500000, 0x0000000100000000)
  eden space 183808K, 0% used [0x00000000e0000000,0x00000000e0000000,0x00000000eb380000)
  from space 16384K, 3% used [0x00000000ec400000,0x00000000ec494030,0x00000000ed400000)
  to   space 16896K, 0% used [0x00000000eb380000,0x00000000eb380000,0x00000000ec400000)
 ParOldGen       total 126464K, used 38271K [0x00000000a0000000, 0x00000000a7b80000, 0x00000000e0000000)
  object space 126464K, 30% used [0x00000000a0000000,0x00000000a255ff90,0x00000000a7b80000)
 Metaspace       used 61967K, capacity 63586K, committed 63872K, reserved 1103872K
  class space    used 8183K, capacity 8497K, committed 8576K, reserved 1048576K
}
Event: 340.329 GC heap before
{Heap before GC invocations=23 (full 5):
 PSYoungGen      total 200192K, used 592K [0x00000000e0000000, 0x00000000ed500000, 0x0000000100000000)
  eden space 183808K, 0% used [0x00000000e0000000,0x00000000e0000000,0x00000000eb380000)
  from space 16384K, 3% used [0x00000000ec400000,0x00000000ec494030,0x00000000ed400000)
  to   space 16896K, 0% used [0x00000000eb380000,0x00000000eb380000,0x00000000ec400000)
 ParOldGen       total 126464K, used 38271K [0x00000000a0000000, 0x00000000a7b80000, 0x00000000e0000000)
  object space 126464K, 30% used [0x00000000a0000000,0x00000000a255ff90,0x00000000a7b80000)
 Metaspace       used 61967K, capacity 63586K, committed 63872K, reserved 1103872K
  class space    used 8183K, capacity 8497K, committed 8576K, reserved 1048576K
Event: 340.737 GC heap after
Heap after GC invocations=23 (full 5):
 PSYoungGen      total 200192K, used 0K [0x00000000e0000000, 0x00000000ed500000, 0x0000000100000000)
  eden space 183808K, 0% used [0x00000000e0000000,0x00000000e0000000,0x00000000eb380000)
  from space 16384K, 0% used [0x00000000ec400000,0x00000000ec400000,0x00000000ed400000)
  to   space 16896K, 0% used [0x00000000eb380000,0x00000000eb380000,0x00000000ec400000)
 ParOldGen       total 126464K, used 33019K [0x00000000a0000000, 0x00000000a7b80000, 0x00000000e0000000)
  object space 126464K, 26% used [0x00000000a0000000,0x00000000a203ed88,0x00000000a7b80000)
 Metaspace       used 61967K, capacity 63586K, committed 63872K, reserved 1103872K
  class space    used 8183K, capacity 8497K, committed 8576K, reserved 1048576K
}
Event: 1940.946 GC heap before
{Heap before GC invocations=24 (full 5):
 PSYoungGen      total 200192K, used 181670K [0x00000000e0000000, 0x00000000ed500000, 0x0000000100000000)
  eden space 183808K, 98% used [0x00000000e0000000,0x00000000eb169aa0,0x00000000eb380000)
  from space 16384K, 0% used [0x00000000ec400000,0x00000000ec400000,0x00000000ed400000)
  to   space 16896K, 0% used [0x00000000eb380000,0x00000000eb380000,0x00000000ec400000)
 ParOldGen       total 126464K, used 33019K [0x00000000a0000000, 0x00000000a7b80000, 0x00000000e0000000)
  object space 126464K, 26% used [0x00000000a0000000,0x00000000a203ed88,0x00000000a7b80000)
 Metaspace       used 62910K, capacity 64588K, committed 64896K, reserved 1105920K
  class space    used 8199K, capacity 8518K, committed 8576K, reserved 1048576K
Event: 1940.989 GC heap after
Heap after GC invocations=24 (full 5):
 PSYoungGen      total 188416K, used 10284K [0x00000000e0000000, 0x00000000ece80000, 0x0000000100000000)
  eden space 177664K, 0% used [0x00000000e0000000,0x00000000e0000000,0x00000000ead80000)
  from space 10752K, 95% used [0x00000000eb380000,0x00000000ebd8b368,0x00000000ebe00000)
  to   space 16896K, 0% used [0x00000000ebe00000,0x00000000ebe00000,0x00000000ece80000)
 ParOldGen       total 126464K, used 33027K [0x00000000a0000000, 0x00000000a7b80000, 0x00000000e0000000)
  object space 126464K, 26% used [0x00000000a0000000,0x00000000a2040d88,0x00000000a7b80000)
 Metaspace       used 62910K, capacity 64588K, committed 64896K, reserved 1105920K
  class space    used 8199K, capacity 8518K, committed 8576K, reserved 1048576K
}
Event: 1942.195 GC heap before
{Heap before GC invocations=25 (full 5):
 PSYoungGen      total 188416K, used 141805K [0x00000000e0000000, 0x00000000ece80000, 0x0000000100000000)
  eden space 177664K, 74% used [0x00000000e0000000,0x00000000e8070248,0x00000000ead80000)
  from space 10752K, 95% used [0x00000000eb380000,0x00000000ebd8b368,0x00000000ebe00000)
  to   space 16896K, 0% used [0x00000000ebe00000,0x00000000ebe00000,0x00000000ece80000)
 ParOldGen       total 126464K, used 33027K [0x00000000a0000000, 0x00000000a7b80000, 0x00000000e0000000)
  object space 126464K, 26% used [0x00000000a0000000,0x00000000a2040d88,0x00000000a7b80000)
 Metaspace       used 63015K, capacity 64680K, committed 64896K, reserved 1105920K
  class space    used 8201K, capacity 8522K, committed 8576K, reserved 1048576K
Event: 1942.200 GC heap after
Heap after GC invocations=25 (full 5):
 PSYoungGen      total 194560K, used 3975K [0x00000000e0000000, 0x00000000ece80000, 0x0000000100000000)
  eden space 177664K, 0% used [0x00000000e0000000,0x00000000e0000000,0x00000000ead80000)
  from space 16896K, 23% used [0x00000000ebe00000,0x00000000ec1e1ef0,0x00000000ece80000)
  to   space 16896K, 0% used [0x00000000ead80000,0x00000000ead80000,0x00000000ebe00000)
 ParOldGen       total 126464K, used 33027K [0x00000000a0000000, 0x00000000a7b80000, 0x00000000e0000000)
  object space 126464K, 26% used [0x00000000a0000000,0x00000000a2040d88,0x00000000a7b80000)
 Metaspace       used 63015K, capacity 64680K, committed 64896K, reserved 1105920K
  class space    used 8201K, capacity 8522K, committed 8576K, reserved 1048576K
}
Event: 1942.200 GC heap before
{Heap before GC invocations=26 (full 6):
 PSYoungGen      total 194560K, used 3975K [0x00000000e0000000, 0x00000000ece80000, 0x0000000100000000)
  eden space 177664K, 0% used [0x00000000e0000000,0x00000000e0000000,0x00000000ead80000)
  from space 16896K, 23% used [0x00000000ebe00000,0x00000000ec1e1ef0,0x00000000ece80000)
  to   space 16896K, 0% used [0x00000000ead80000,0x00000000ead80000,0x00000000ebe00000)
 ParOldGen       total 126464K, used 33027K [0x00000000a0000000, 0x00000000a7b80000, 0x00000000e0000000)
  object space 126464K, 26% used [0x00000000a0000000,0x00000000a2040d88,0x00000000a7b80000)
 Metaspace       used 63015K, capacity 64680K, committed 64896K, reserved 1105920K
  class space    used 8201K, capacity 8522K, committed 8576K, reserved 1048576K
Event: 1942.398 GC heap after
Heap after GC invocations=26 (full 6):
 PSYoungGen      total 194560K, used 0K [0x00000000e0000000, 0x00000000ece80000, 0x0000000100000000)
  eden space 177664K, 0% used [0x00000000e0000000,0x00000000e0000000,0x00000000ead80000)
  from space 16896K, 0% used [0x00000000ebe00000,0x00000000ebe00000,0x00000000ece80000)
  to   space 16896K, 0% used [0x00000000ead80000,0x00000000ead80000,0x00000000ebe00000)
 ParOldGen       total 126464K, used 27210K [0x00000000a0000000, 0x00000000a7b80000, 0x00000000e0000000)
  object space 126464K, 21% used [0x00000000a0000000,0x00000000a1a92a60,0x00000000a7b80000)
 Metaspace       used 62614K, capacity 63962K, committed 64896K, reserved 1105920K
  class space    used 8130K, capacity 8395K, committed 8576K, reserved 1048576K
}

