# JRE version: Java(TM) SE Runtime Environment (8.0_91-b15) (build 1.8.0_91-b15)
# Java VM: Java HotSpot(TM) 64-Bit Server VM (25.91-b15 mixed mode windows-amd64 compressed oops)
Heap:
 PSYoungGen      total 215552K, used 37639K [0x00000000e0000000, 0x00000000eed00000, 0x0000000100000000)
  eden space 191488K, 19% used [0x00000000e0000000,0x00000000e24c1d68,0x00000000ebb00000)
  from space 24064K, 0% used [0x00000000ebb00000,0x00000000ebb00000,0x00000000ed280000)
  to   space 24064K, 0% used [0x00000000ed280000,0x00000000ed280000,0x00000000eea00000)
 ParOldGen       total 107008K, used 38282K [0x00000000a0000000, 0x00000000a6880000, 0x00000000e0000000)
  object space 107008K, 35% used [0x00000000a0000000,0x00000000a2562b18,0x00000000a6880000)
 Metaspace       used 60904K, capacity 62482K, committed 62848K, reserved 1103872K
  class space    used 8162K, capacity 8477K, committed 8576K, reserved 1048576K
GC Heap History (10 events):
Event: 22.027 GC heap before
{Heap before GC invocations=15 (full 2):
 PSYoungGen      total 160256K, used 160250K [0x00000000e0000000, 0x00000000eaf00000, 0x0000000100000000)
  eden space 149504K, 100% used [0x00000000e0000000,0x00000000e9200000,0x00000000e9200000)
  from space 10752K, 99% used [0x00000000ea000000,0x00000000eaa7ea00,0x00000000eaa80000)
  to   space 14336K, 0% used [0x00000000e9200000,0x00000000e9200000,0x00000000ea000000)
 ParOldGen       total 63488K, used 24683K [0x00000000a0000000, 0x00000000a3e00000, 0x00000000e0000000)
  object space 63488K, 38% used [0x00000000a0000000,0x00000000a181adb8,0x00000000a3e00000)
 Metaspace       used 57365K, capacity 58736K, committed 59008K, reserved 1099776K
  class space    used 7698K, capacity 8030K, committed 8064K, reserved 1048576K
Event: 22.072 GC heap after
Heap after GC invocations=15 (full 2):
 PSYoungGen      total 163840K, used 14309K [0x00000000e0000000, 0x00000000eea00000, 0x0000000100000000)
  eden space 149504K, 0% used [0x00000000e0000000,0x00000000e0000000,0x00000000e9200000)
  from space 14336K, 99% used [0x00000000e9200000,0x00000000e9ff94b0,0x00000000ea000000)
  to   space 24064K, 0% used [0x00000000ed280000,0x00000000ed280000,0x00000000eea00000)
 ParOldGen       total 63488K, used 45239K [0x00000000a0000000, 0x00000000a3e00000, 0x00000000e0000000)
  object space 63488K, 71% used [0x00000000a0000000,0x00000000a2c2df90,0x00000000a3e00000)
 Metaspace       used 57365K, capacity 58736K, committed 59008K, reserved 1099776K
  class space    used 7698K, capacity 8030K, committed 8064K, reserved 1048576K
}
Event: 22.490 GC heap before
{Heap before GC invocations=16 (full 2):
 PSYoungGen      total 163840K, used 48146K [0x00000000e0000000, 0x00000000eea00000, 0x0000000100000000)
  eden space 149504K, 22% used [0x00000000e0000000,0x00000000e210b520,0x00000000e9200000)
  from space 14336K, 99% used [0x00000000e9200000,0x00000000e9ff94b0,0x00000000ea000000)
  to   space 24064K, 0% used [0x00000000ed280000,0x00000000ed280000,0x00000000eea00000)
 ParOldGen       total 63488K, used 45239K [0x00000000a0000000, 0x00000000a3e00000, 0x00000000e0000000)
  object space 63488K, 71% used [0x00000000a0000000,0x00000000a2c2df90,0x00000000a3e00000)
 Metaspace       used 57597K, capacity 58962K, committed 59096K, reserved 1099776K
  class space    used 7731K, capacity 8035K, committed 8064K, reserved 1048576K
Event: 22.499 GC heap after
Heap after GC invocations=16 (full 2):
 PSYoungGen      total 215552K, used 576K [0x00000000e0000000, 0x00000000eed00000, 0x0000000100000000)
  eden space 191488K, 0% used [0x00000000e0000000,0x00000000e0000000,0x00000000ebb00000)
  from space 24064K, 2% used [0x00000000ed280000,0x00000000ed310000,0x00000000eea00000)
  to   space 24064K, 0% used [0x00000000ebb00000,0x00000000ebb00000,0x00000000ed280000)
 ParOldGen       total 63488K, used 53268K [0x00000000a0000000, 0x00000000a3e00000, 0x00000000e0000000)
  object space 63488K, 83% used [0x00000000a0000000,0x00000000a3405200,0x00000000a3e00000)
 Metaspace       used 57597K, capacity 58962K, committed 59096K, reserved 1099776K
  class space    used 7731K, capacity 8035K, committed 8064K, reserved 1048576K
}
Event: 22.499 GC heap before
{Heap before GC invocations=17 (full 3):
 PSYoungGen      total 215552K, used 576K [0x00000000e0000000, 0x00000000eed00000, 0x0000000100000000)
  eden space 191488K, 0% used [0x00000000e0000000,0x00000000e0000000,0x00000000ebb00000)
  from space 24064K, 2% used [0x00000000ed280000,0x00000000ed310000,0x00000000eea00000)
  to   space 24064K, 0% used [0x00000000ebb00000,0x00000000ebb00000,0x00000000ed280000)
 ParOldGen       total 63488K, used 53268K [0x00000000a0000000, 0x00000000a3e00000, 0x00000000e0000000)
  object space 63488K, 83% used [0x00000000a0000000,0x00000000a3405200,0x00000000a3e00000)
 Metaspace       used 57597K, capacity 58962K, committed 59096K, reserved 1099776K
  class space    used 7731K, capacity 8035K, committed 8064K, reserved 1048576K
Event: 22.825 GC heap after
Heap after GC invocations=17 (full 3):
 PSYoungGen      total 215552K, used 0K [0x00000000e0000000, 0x00000000eed00000, 0x0000000100000000)
  eden space 191488K, 0% used [0x00000000e0000000,0x00000000e0000000,0x00000000ebb00000)
  from space 24064K, 0% used [0x00000000ed280000,0x00000000ed280000,0x00000000eea00000)
  to   space 24064K, 0% used [0x00000000ebb00000,0x00000000ebb00000,0x00000000ed280000)
 ParOldGen       total 107008K, used 36747K [0x00000000a0000000, 0x00000000a6880000, 0x00000000e0000000)
  object space 107008K, 34% used [0x00000000a0000000,0x00000000a23e2ea8,0x00000000a6880000)
 Metaspace       used 57597K, capacity 58962K, committed 59096K, reserved 1099776K
  class space    used 7731K, capacity 8035K, committed 8064K, reserved 1048576K
}
Event: 24.011 GC heap before
{Heap before GC invocations=18 (full 3):
 PSYoungGen      total 215552K, used 93685K [0x00000000e0000000, 0x00000000eed00000, 0x0000000100000000)
  eden space 191488K, 48% used [0x00000000e0000000,0x00000000e5b7d410,0x00000000ebb00000)
  from space 24064K, 0% used [0x00000000ed280000,0x00000000ed280000,0x00000000eea00000)
  to   space 24064K, 0% used [0x00000000ebb00000,0x00000000ebb00000,0x00000000ed280000)
 ParOldGen       total 107008K, used 36747K [0x00000000a0000000, 0x00000000a6880000, 0x00000000e0000000)
  object space 107008K, 34% used [0x00000000a0000000,0x00000000a23e2ea8,0x00000000a6880000)
 Metaspace       used 60691K, capacity 62200K, committed 62592K, reserved 1103872K
  class space    used 8144K, capacity 8458K, committed 8576K, reserved 1048576K
Event: 24.018 GC heap after
Heap after GC invocations=18 (full 3):
 PSYoungGen      total 215552K, used 6407K [0x00000000e0000000, 0x00000000eed00000, 0x0000000100000000)
  eden space 191488K, 0% used [0x00000000e0000000,0x00000000e0000000,0x00000000ebb00000)
  from space 24064K, 26% used [0x00000000ebb00000,0x00000000ec141d30,0x00000000ed280000)
  to   space 24064K, 0% used [0x00000000ed280000,0x00000000ed280000,0x00000000eea00000)
 ParOldGen       total 107008K, used 36755K [0x00000000a0000000, 0x00000000a6880000, 0x00000000e0000000)
  object space 107008K, 34% used [0x00000000a0000000,0x00000000a23e4ea8,0x00000000a6880000)
 Metaspace       used 60691K, capacity 62200K, committed 62592K, reserved 1103872K
  class space    used 8144K, capacity 8458K, committed 8576K, reserved 1048576K
}
Event: 24.018 GC heap before
{Heap before GC invocations=19 (full 4):
 PSYoungGen      total 215552K, used 6407K [0x00000000e0000000, 0x00000000eed00000, 0x0000000100000000)
  eden space 191488K, 0% used [0x00000000e0000000,0x00000000e0000000,0x00000000ebb00000)
  from space 24064K, 26% used [0x00000000ebb00000,0x00000000ec141d30,0x00000000ed280000)
  to   space 24064K, 0% used [0x00000000ed280000,0x00000000ed280000,0x00000000eea00000)
 ParOldGen       total 107008K, used 36755K [0x00000000a0000000, 0x00000000a6880000, 0x00000000e0000000)
  object space 107008K, 34% used [0x00000000a0000000,0x00000000a23e4ea8,0x00000000a6880000)
 Metaspace       used 60691K, capacity 62200K, committed 62592K, reserved 1103872K
  class space    used 8144K, capacity 8458K, committed 8576K, reserved 1048576K
Event: 24.316 GC heap after
Heap after GC invocations=19 (full 4):
 PSYoungGen      total 215552K, used 0K [0x00000000e0000000, 0x00000000eed00000, 0x0000000100000000)
  eden space 191488K, 0% used [0x00000000e0000000,0x00000000e0000000,0x00000000ebb00000)
  from space 24064K, 0% used [0x00000000ebb00000,0x00000000ebb00000,0x00000000ed280000)
  to   space 24064K, 0% used [0x00000000ed280000,0x00000000ed280000,0x00000000eea00000)
 ParOldGen       total 107008K, used 38282K [0x00000000a0000000, 0x00000000a6880000, 0x00000000e0000000)
  object space 107008K, 35% used [0x00000000a0000000,0x00000000a2562b18,0x00000000a6880000)
 Metaspace       used 60691K, capacity 62200K, committed 62592K, reserved 1103872K
  class space    used 8144K, capacity 8458K, committed 8576K, reserved 1048576K
}

